android/app/build/intermediates/manifest_merge_blame_file/release/processReleaseMainManifest/manifest-merger-blame-release-report.txt
1<?xml version="1.0" encoding="utf-8"?>
2<manifest xmlns:android="http://schemas.android.com/apk/res/android"
3    package="com.example.culinary"
4    android:versionCode="1"
5    android:versionName="1.0" >
6
7    <uses-sdk
8        android:minSdkVersion="23"
9        android:targetSdkVersion="34" /> <!-- Ensure this matches your applicationId -->
10
11
12    <!-- Required permission for network access -->
13    <uses-permission android:name="android.permission.INTERNET" />
13-->src\main\AndroidManifest.xml:6:5-66
13-->src\main\AndroidManifest.xml:6:22-64
14
15    <!-- Required to query activities that can process text -->
16    <queries>
16-->src\main\AndroidManifest.xml:50:5-55:15
17        <intent>
17-->src\main\AndroidManifest.xml:51:9-54:18
18            <action android:name="android.intent.action.PROCESS_TEXT" />
18-->src\main\AndroidManifest.xml:52:13-72
18-->src\main\AndroidManifest.xml:52:21-70
19
20            <data android:mimeType="text/plain" />
20-->src\main\AndroidManifest.xml:53:13-50
20-->src\main\AndroidManifest.xml:53:19-48
21        </intent>
22    </queries>
23
24    <uses-permission android:name="android.permission.ACCESS_NETWORK_STATE" />
24-->[com.google.firebase:firebase-auth:23.2.0] AndroidManifest.xml:26:5-79
24-->[com.google.firebase:firebase-auth:23.2.0] AndroidManifest.xml:26:22-76
25    <uses-permission android:name="com.google.android.providers.gsf.permission.READ_GSERVICES" />
25-->[com.google.android.recaptcha:recaptcha:18.6.1] AndroidManifest.xml:9:5-98
25-->[com.google.android.recaptcha:recaptcha:18.6.1] AndroidManifest.xml:9:22-95
26
27    <permission
27-->[androidx.core:core:1.13.1] AndroidManifest.xml:22:5-24:47
28        android:name="com.example.culinary.DYNAMIC_RECEIVER_NOT_EXPORTED_PERMISSION"
28-->[androidx.core:core:1.13.1] AndroidManifest.xml:23:9-81
29        android:protectionLevel="signature" />
29-->[androidx.core:core:1.13.1] AndroidManifest.xml:24:9-44
30
31    <uses-permission android:name="com.example.culinary.DYNAMIC_RECEIVER_NOT_EXPORTED_PERMISSION" />
31-->[androidx.core:core:1.13.1] AndroidManifest.xml:26:5-97
31-->[androidx.core:core:1.13.1] AndroidManifest.xml:26:22-94
32
33    <application
33-->src\main\AndroidManifest.xml:8:5-47:19
34        android:appComponentFactory="androidx.core.app.CoreComponentFactory"
34-->[androidx.core:core:1.13.1] AndroidManifest.xml:28:18-86
35        android:extractNativeLibs="false"
36        android:icon="@mipmap/ic_launcher"
36-->src\main\AndroidManifest.xml:11:9-43
37        android:label="CulinaryPlus"
37-->src\main\AndroidManifest.xml:9:9-37
38        android:theme="@style/Theme.App" >
38-->src\main\AndroidManifest.xml:12:9-41
39        <activity
39-->src\main\AndroidManifest.xml:14:9-31:20
40            android:name="com.example.culinary.MainActivity"
40-->src\main\AndroidManifest.xml:15:13-41
41            android:configChanges="orientation|keyboardHidden|keyboard|screenSize|smallestScreenSize|locale|layoutDirection|fontScale|screenLayout|density|uiMode"
41-->src\main\AndroidManifest.xml:19:13-163
42            android:exported="true"
42-->src\main\AndroidManifest.xml:16:13-36
43            android:hardwareAccelerated="true"
43-->src\main\AndroidManifest.xml:20:13-47
44            android:launchMode="singleTop"
44-->src\main\AndroidManifest.xml:17:13-43
45            android:theme="@style/LaunchTheme"
45-->src\main\AndroidManifest.xml:18:13-47
46            android:windowSoftInputMode="adjustResize" >
46-->src\main\AndroidManifest.xml:21:13-55
47            <meta-data
47-->src\main\AndroidManifest.xml:23:13-25:56
48                android:name="io.flutter.embedding.android.NormalTheme"
48-->src\main\AndroidManifest.xml:24:17-72
49                android:resource="@style/NormalTheme" />
49-->src\main\AndroidManifest.xml:25:17-54
50
51            <intent-filter>
51-->src\main\AndroidManifest.xml:27:13-30:29
52                <action android:name="android.intent.action.MAIN" />
52-->src\main\AndroidManifest.xml:28:17-68
52-->src\main\AndroidManifest.xml:28:25-66
53
54                <category android:name="android.intent.category.LAUNCHER" />
54-->src\main\AndroidManifest.xml:29:17-76
54-->src\main\AndroidManifest.xml:29:27-74
55            </intent-filter>
56        </activity>
57
58        <!-- Firebase services configuration -->
59        <meta-data
59-->src\main\AndroidManifest.xml:34:9-36:46
60            android:name="com.google.firebase.messaging.default_notification_channel_id"
60-->src\main\AndroidManifest.xml:35:13-89
61            android:value="default_channel" />
61-->src\main\AndroidManifest.xml:36:13-44
62        <meta-data
62-->src\main\AndroidManifest.xml:38:9-40:35
63            android:name="com.google.firebase.analytics.FirebaseAnalytics"
63-->src\main\AndroidManifest.xml:39:13-75
64            android:value="true" />
64-->src\main\AndroidManifest.xml:40:13-33
65
66        <!-- Required for Flutter plugin registration -->
67        <meta-data
67-->src\main\AndroidManifest.xml:43:9-45:32
68            android:name="flutterEmbedding"
68-->src\main\AndroidManifest.xml:44:13-44
69            android:value="2" />
69-->src\main\AndroidManifest.xml:45:13-30
70
71        <service
71-->[:firebase_auth] AndroidManifest.xml:8:9-12:19
72            android:name="com.google.firebase.components.ComponentDiscoveryService"
72-->[:firebase_auth] AndroidManifest.xml:8:18-89
73            android:directBootAware="true"
73-->[com.google.firebase:firebase-common:21.0.0] AndroidManifest.xml:32:13-43
74            android:exported="false" >
74-->[com.google.firebase:firebase-auth:23.2.0] AndroidManifest.xml:68:13-37
75            <meta-data
75-->[:firebase_auth] AndroidManifest.xml:9:13-11:85
76                android:name="com.google.firebase.components:io.flutter.plugins.firebase.auth.FlutterFirebaseAuthRegistrar"
76-->[:firebase_auth] AndroidManifest.xml:10:17-124
77                android:value="com.google.firebase.components.ComponentRegistrar" />
77-->[:firebase_auth] AndroidManifest.xml:11:17-82
78            <meta-data
78-->[:firebase_core] AndroidManifest.xml:9:13-11:85
79                android:name="com.google.firebase.components:io.flutter.plugins.firebase.core.FlutterFirebaseCoreRegistrar"
79-->[:firebase_core] AndroidManifest.xml:10:17-124
80                android:value="com.google.firebase.components.ComponentRegistrar" />
80-->[:firebase_core] AndroidManifest.xml:11:17-82
81            <meta-data
81-->[com.google.firebase:firebase-auth:23.2.0] AndroidManifest.xml:69:13-71:85
82                android:name="com.google.firebase.components:com.google.firebase.auth.FirebaseAuthRegistrar"
82-->[com.google.firebase:firebase-auth:23.2.0] AndroidManifest.xml:70:17-109
83                android:value="com.google.firebase.components.ComponentRegistrar" />
83-->[com.google.firebase:firebase-auth:23.2.0] AndroidManifest.xml:71:17-82
84            <meta-data
84-->[com.google.firebase:firebase-common-ktx:21.0.0] AndroidManifest.xml:12:13-14:85
85                android:name="com.google.firebase.components:com.google.firebase.ktx.FirebaseCommonLegacyRegistrar"
85-->[com.google.firebase:firebase-common-ktx:21.0.0] AndroidManifest.xml:13:17-116
86                android:value="com.google.firebase.components.ComponentRegistrar" />
86-->[com.google.firebase:firebase-common-ktx:21.0.0] AndroidManifest.xml:14:17-82
87            <meta-data
87-->[com.google.firebase:firebase-common:21.0.0] AndroidManifest.xml:35:13-37:85
88                android:name="com.google.firebase.components:com.google.firebase.FirebaseCommonKtxRegistrar"
88-->[com.google.firebase:firebase-common:21.0.0] AndroidManifest.xml:36:17-109
89                android:value="com.google.firebase.components.ComponentRegistrar" />
89-->[com.google.firebase:firebase-common:21.0.0] AndroidManifest.xml:37:17-82
90        </service>
91
92        <activity
92-->[com.google.firebase:firebase-auth:23.2.0] AndroidManifest.xml:29:9-46:20
93            android:name="com.google.firebase.auth.internal.GenericIdpActivity"
93-->[com.google.firebase:firebase-auth:23.2.0] AndroidManifest.xml:30:13-80
94            android:excludeFromRecents="true"
94-->[com.google.firebase:firebase-auth:23.2.0] AndroidManifest.xml:31:13-46
95            android:exported="true"
95-->[com.google.firebase:firebase-auth:23.2.0] AndroidManifest.xml:32:13-36
96            android:launchMode="singleTask"
96-->[com.google.firebase:firebase-auth:23.2.0] AndroidManifest.xml:33:13-44
97            android:theme="@android:style/Theme.Translucent.NoTitleBar" >
97-->[com.google.firebase:firebase-auth:23.2.0] AndroidManifest.xml:34:13-72
98            <intent-filter>
98-->[com.google.firebase:firebase-auth:23.2.0] AndroidManifest.xml:35:13-45:29
99                <action android:name="android.intent.action.VIEW" />
99-->[com.google.firebase:firebase-auth:23.2.0] AndroidManifest.xml:36:17-69
99-->[com.google.firebase:firebase-auth:23.2.0] AndroidManifest.xml:36:25-66
100
101                <category android:name="android.intent.category.DEFAULT" />
101-->[com.google.firebase:firebase-auth:23.2.0] AndroidManifest.xml:38:17-76
101-->[com.google.firebase:firebase-auth:23.2.0] AndroidManifest.xml:38:27-73
102                <category android:name="android.intent.category.BROWSABLE" />
102-->[com.google.firebase:firebase-auth:23.2.0] AndroidManifest.xml:39:17-78
102-->[com.google.firebase:firebase-auth:23.2.0] AndroidManifest.xml:39:27-75
103
104                <data
104-->src\main\AndroidManifest.xml:53:13-50
105                    android:host="firebase.auth"
106                    android:path="/"
107                    android:scheme="genericidp" />
108            </intent-filter>
109        </activity>
110        <activity
110-->[com.google.firebase:firebase-auth:23.2.0] AndroidManifest.xml:47:9-64:20
111            android:name="com.google.firebase.auth.internal.RecaptchaActivity"
111-->[com.google.firebase:firebase-auth:23.2.0] AndroidManifest.xml:48:13-79
112            android:excludeFromRecents="true"
112-->[com.google.firebase:firebase-auth:23.2.0] AndroidManifest.xml:49:13-46
113            android:exported="true"
113-->[com.google.firebase:firebase-auth:23.2.0] AndroidManifest.xml:50:13-36
114            android:launchMode="singleTask"
114-->[com.google.firebase:firebase-auth:23.2.0] AndroidManifest.xml:51:13-44
115            android:theme="@android:style/Theme.Translucent.NoTitleBar" >
115-->[com.google.firebase:firebase-auth:23.2.0] AndroidManifest.xml:52:13-72
116            <intent-filter>
116-->[com.google.firebase:firebase-auth:23.2.0] AndroidManifest.xml:53:13-63:29
117                <action android:name="android.intent.action.VIEW" />
117-->[com.google.firebase:firebase-auth:23.2.0] AndroidManifest.xml:36:17-69
117-->[com.google.firebase:firebase-auth:23.2.0] AndroidManifest.xml:36:25-66
118
119                <category android:name="android.intent.category.DEFAULT" />
119-->[com.google.firebase:firebase-auth:23.2.0] AndroidManifest.xml:38:17-76
119-->[com.google.firebase:firebase-auth:23.2.0] AndroidManifest.xml:38:27-73
120                <category android:name="android.intent.category.BROWSABLE" />
120-->[com.google.firebase:firebase-auth:23.2.0] AndroidManifest.xml:39:17-78
120-->[com.google.firebase:firebase-auth:23.2.0] AndroidManifest.xml:39:27-75
121
122                <data
122-->src\main\AndroidManifest.xml:53:13-50
123                    android:host="firebase.auth"
124                    android:path="/"
125                    android:scheme="recaptcha" />
126            </intent-filter>
127        </activity>
128        <activity
128-->[:url_launcher_android] AndroidManifest.xml:8:9-11:74
129            android:name="io.flutter.plugins.urllauncher.WebViewActivity"
129-->[:url_launcher_android] AndroidManifest.xml:9:13-74
130            android:exported="false"
130-->[:url_launcher_android] AndroidManifest.xml:10:13-37
131            android:theme="@android:style/Theme.NoTitleBar.Fullscreen" />
131-->[:url_launcher_android] AndroidManifest.xml:11:13-71
132
133        <provider
133-->[androidx.emoji2:emoji2:1.2.0] AndroidManifest.xml:24:9-32:20
134            android:name="androidx.startup.InitializationProvider"
134-->[androidx.emoji2:emoji2:1.2.0] AndroidManifest.xml:25:13-67
135            android:authorities="com.example.culinary.androidx-startup"
135-->[androidx.emoji2:emoji2:1.2.0] AndroidManifest.xml:26:13-68
136            android:exported="false" >
136-->[androidx.emoji2:emoji2:1.2.0] AndroidManifest.xml:27:13-37
137            <meta-data
137-->[androidx.emoji2:emoji2:1.2.0] AndroidManifest.xml:29:13-31:52
138                android:name="androidx.emoji2.text.EmojiCompatInitializer"
138-->[androidx.emoji2:emoji2:1.2.0] AndroidManifest.xml:30:17-75
139                android:value="androidx.startup" />
139-->[androidx.emoji2:emoji2:1.2.0] AndroidManifest.xml:31:17-49
140            <meta-data
140-->[androidx.lifecycle:lifecycle-process:2.7.0] AndroidManifest.xml:29:13-31:52
141                android:name="androidx.lifecycle.ProcessLifecycleInitializer"
141-->[androidx.lifecycle:lifecycle-process:2.7.0] AndroidManifest.xml:30:17-78
142                android:value="androidx.startup" />
142-->[androidx.lifecycle:lifecycle-process:2.7.0] AndroidManifest.xml:31:17-49
143            <meta-data
143-->[androidx.profileinstaller:profileinstaller:1.3.1] AndroidManifest.xml:29:13-31:52
144                android:name="androidx.profileinstaller.ProfileInstallerInitializer"
144-->[androidx.profileinstaller:profileinstaller:1.3.1] AndroidManifest.xml:30:17-85
145                android:value="androidx.startup" />
145-->[androidx.profileinstaller:profileinstaller:1.3.1] AndroidManifest.xml:31:17-49
146        </provider>
147        <provider
147-->[com.google.firebase:firebase-common:21.0.0] AndroidManifest.xml:23:9-28:39
148            android:name="com.google.firebase.provider.FirebaseInitProvider"
148-->[com.google.firebase:firebase-common:21.0.0] AndroidManifest.xml:24:13-77
149            android:authorities="com.example.culinary.firebaseinitprovider"
149-->[com.google.firebase:firebase-common:21.0.0] AndroidManifest.xml:25:13-72
150            android:directBootAware="true"
150-->[com.google.firebase:firebase-common:21.0.0] AndroidManifest.xml:26:13-43
151            android:exported="false"
151-->[com.google.firebase:firebase-common:21.0.0] AndroidManifest.xml:27:13-37
152            android:initOrder="100" />
152-->[com.google.firebase:firebase-common:21.0.0] AndroidManifest.xml:28:13-36
153
154        <service
154-->[androidx.credentials:credentials-play-services-auth:1.2.0-rc01] AndroidManifest.xml:24:9-32:19
155            android:name="androidx.credentials.playservices.CredentialProviderMetadataHolder"
155-->[androidx.credentials:credentials-play-services-auth:1.2.0-rc01] AndroidManifest.xml:25:13-94
156            android:enabled="true"
156-->[androidx.credentials:credentials-play-services-auth:1.2.0-rc01] AndroidManifest.xml:26:13-35
157            android:exported="false" >
157-->[androidx.credentials:credentials-play-services-auth:1.2.0-rc01] AndroidManifest.xml:27:13-37
158            <meta-data
158-->[androidx.credentials:credentials-play-services-auth:1.2.0-rc01] AndroidManifest.xml:29:13-31:104
159                android:name="androidx.credentials.CREDENTIAL_PROVIDER_KEY"
159-->[androidx.credentials:credentials-play-services-auth:1.2.0-rc01] AndroidManifest.xml:30:17-76
160                android:value="androidx.credentials.playservices.CredentialProviderPlayServicesImpl" />
160-->[androidx.credentials:credentials-play-services-auth:1.2.0-rc01] AndroidManifest.xml:31:17-101
161        </service>
162
163        <activity
163-->[androidx.credentials:credentials-play-services-auth:1.2.0-rc01] AndroidManifest.xml:34:9-41:20
164            android:name="androidx.credentials.playservices.HiddenActivity"
164-->[androidx.credentials:credentials-play-services-auth:1.2.0-rc01] AndroidManifest.xml:35:13-76
165            android:configChanges="orientation|screenSize|screenLayout|keyboardHidden"
165-->[androidx.credentials:credentials-play-services-auth:1.2.0-rc01] AndroidManifest.xml:36:13-87
166            android:enabled="true"
166-->[androidx.credentials:credentials-play-services-auth:1.2.0-rc01] AndroidManifest.xml:37:13-35
167            android:exported="false"
167-->[androidx.credentials:credentials-play-services-auth:1.2.0-rc01] AndroidManifest.xml:38:13-37
168            android:fitsSystemWindows="true"
168-->[androidx.credentials:credentials-play-services-auth:1.2.0-rc01] AndroidManifest.xml:39:13-45
169            android:theme="@style/Theme.Hidden" >
169-->[androidx.credentials:credentials-play-services-auth:1.2.0-rc01] AndroidManifest.xml:40:13-48
170        </activity>
171        <activity
171-->[com.google.android.gms:play-services-auth:20.7.0] AndroidManifest.xml:23:9-27:75
172            android:name="com.google.android.gms.auth.api.signin.internal.SignInHubActivity"
172-->[com.google.android.gms:play-services-auth:20.7.0] AndroidManifest.xml:24:13-93
173            android:excludeFromRecents="true"
173-->[com.google.android.gms:play-services-auth:20.7.0] AndroidManifest.xml:25:13-46
174            android:exported="false"
174-->[com.google.android.gms:play-services-auth:20.7.0] AndroidManifest.xml:26:13-37
175            android:theme="@android:style/Theme.Translucent.NoTitleBar" />
175-->[com.google.android.gms:play-services-auth:20.7.0] AndroidManifest.xml:27:13-72
176        <!--
177            Service handling Google Sign-In user revocation. For apps that do not integrate with
178            Google Sign-In, this service will never be started.
179        -->
180        <service
180-->[com.google.android.gms:play-services-auth:20.7.0] AndroidManifest.xml:33:9-37:51
181            android:name="com.google.android.gms.auth.api.signin.RevocationBoundService"
181-->[com.google.android.gms:play-services-auth:20.7.0] AndroidManifest.xml:34:13-89
182            android:exported="true"
182-->[com.google.android.gms:play-services-auth:20.7.0] AndroidManifest.xml:35:13-36
183            android:permission="com.google.android.gms.auth.api.signin.permission.REVOCATION_NOTIFICATION"
183-->[com.google.android.gms:play-services-auth:20.7.0] AndroidManifest.xml:36:13-107
184            android:visibleToInstantApps="true" />
184-->[com.google.android.gms:play-services-auth:20.7.0] AndroidManifest.xml:37:13-48
185
186        <activity
186-->[com.google.android.gms:play-services-base:18.0.1] AndroidManifest.xml:20:9-22:45
187            android:name="com.google.android.gms.common.api.GoogleApiActivity"
187-->[com.google.android.gms:play-services-base:18.0.1] AndroidManifest.xml:20:19-85
188            android:exported="false"
188-->[com.google.android.gms:play-services-base:18.0.1] AndroidManifest.xml:22:19-43
189            android:theme="@android:style/Theme.Translucent.NoTitleBar" />
189-->[com.google.android.gms:play-services-base:18.0.1] AndroidManifest.xml:21:19-78
190
191        <uses-library
191-->[androidx.window:window:1.2.0] AndroidManifest.xml:23:9-25:40
192            android:name="androidx.window.extensions"
192-->[androidx.window:window:1.2.0] AndroidManifest.xml:24:13-54
193            android:required="false" />
193-->[androidx.window:window:1.2.0] AndroidManifest.xml:25:13-37
194        <uses-library
194-->[androidx.window:window:1.2.0] AndroidManifest.xml:26:9-28:40
195            android:name="androidx.window.sidecar"
195-->[androidx.window:window:1.2.0] AndroidManifest.xml:27:13-51
196            android:required="false" />
196-->[androidx.window:window:1.2.0] AndroidManifest.xml:28:13-37
197
198        <meta-data
198-->[com.google.android.gms:play-services-basement:18.4.0] AndroidManifest.xml:6:9-122
199            android:name="com.google.android.gms.version"
199-->[com.google.android.gms:play-services-basement:18.4.0] AndroidManifest.xml:6:20-65
200            android:value="@integer/google_play_services_version" />
200-->[com.google.android.gms:play-services-basement:18.4.0] AndroidManifest.xml:6:66-119
201
202        <receiver
202-->[androidx.profileinstaller:profileinstaller:1.3.1] AndroidManifest.xml:34:9-52:20
203            android:name="androidx.profileinstaller.ProfileInstallReceiver"
203-->[androidx.profileinstaller:profileinstaller:1.3.1] AndroidManifest.xml:35:13-76
204            android:directBootAware="false"
204-->[androidx.profileinstaller:profileinstaller:1.3.1] AndroidManifest.xml:36:13-44
205            android:enabled="true"
205-->[androidx.profileinstaller:profileinstaller:1.3.1] AndroidManifest.xml:37:13-35
206            android:exported="true"
206-->[androidx.profileinstaller:profileinstaller:1.3.1] AndroidManifest.xml:38:13-36
207            android:permission="android.permission.DUMP" >
207-->[androidx.profileinstaller:profileinstaller:1.3.1] AndroidManifest.xml:39:13-57
208            <intent-filter>
208-->[androidx.profileinstaller:profileinstaller:1.3.1] AndroidManifest.xml:40:13-42:29
209                <action android:name="androidx.profileinstaller.action.INSTALL_PROFILE" />
209-->[androidx.profileinstaller:profileinstaller:1.3.1] AndroidManifest.xml:41:17-91
209-->[androidx.profileinstaller:profileinstaller:1.3.1] AndroidManifest.xml:41:25-88
210            </intent-filter>
211            <intent-filter>
211-->[androidx.profileinstaller:profileinstaller:1.3.1] AndroidManifest.xml:43:13-45:29
212                <action android:name="androidx.profileinstaller.action.SKIP_FILE" />
212-->[androidx.profileinstaller:profileinstaller:1.3.1] AndroidManifest.xml:44:17-85
212-->[androidx.profileinstaller:profileinstaller:1.3.1] AndroidManifest.xml:44:25-82
213            </intent-filter>
214            <intent-filter>
214-->[androidx.profileinstaller:profileinstaller:1.3.1] AndroidManifest.xml:46:13-48:29
215                <action android:name="androidx.profileinstaller.action.SAVE_PROFILE" />
215-->[androidx.profileinstaller:profileinstaller:1.3.1] AndroidManifest.xml:47:17-88
215-->[androidx.profileinstaller:profileinstaller:1.3.1] AndroidManifest.xml:47:25-85
216            </intent-filter>
217            <intent-filter>
217-->[androidx.profileinstaller:profileinstaller:1.3.1] AndroidManifest.xml:49:13-51:29
218                <action android:name="androidx.profileinstaller.action.BENCHMARK_OPERATION" />
218-->[androidx.profileinstaller:profileinstaller:1.3.1] AndroidManifest.xml:50:17-95
218-->[androidx.profileinstaller:profileinstaller:1.3.1] AndroidManifest.xml:50:25-92
219            </intent-filter>
220        </receiver> <!-- The activities will be merged into the manifest of the hosting app. -->
221        <activity
221-->[com.google.android.play:core-common:2.0.3] AndroidManifest.xml:14:9-18:65
222            android:name="com.google.android.play.core.common.PlayCoreDialogWrapperActivity"
222-->[com.google.android.play:core-common:2.0.3] AndroidManifest.xml:15:13-93
223            android:exported="false"
223-->[com.google.android.play:core-common:2.0.3] AndroidManifest.xml:16:13-37
224            android:stateNotNeeded="true"
224-->[com.google.android.play:core-common:2.0.3] AndroidManifest.xml:17:13-42
225            android:theme="@style/Theme.PlayCore.Transparent" />
225-->[com.google.android.play:core-common:2.0.3] AndroidManifest.xml:18:13-62
226    </application>
227
228</manifest>